<?xml version="1.0" encoding="UTF-8"?>
<!-- Generated by org.testng.reporters.JUnitReportReporter -->
<testsuite hostname="sidereal-prototype" name="openclose.CircleTest" tests="4" failures="0" timestamp="18 May 2011 04:04:47 GMT" time="0.175" errors="0">
  <testcase name="testCircleOrderVsCircle" time="0.060" classname="openclose.CircleTest"/>
  <testcase name="testCircleOrderVsNull" time="0.037" classname="openclose.CircleTest"/>
  <testcase name="testCircleOrderVsSquare" time="0.039" classname="openclose.CircleTest"/>
  <testcase name="testCircleOrderingVsObject" time="0.039" classname="openclose.CircleTest"/>
</testsuite>
